#-----------------------------------------------------------
# Vivado v2014.4 (64-bit)
# SW Build 1071353 on Tue Nov 18 18:24:04 MST 2014
# IP Build 1070531 on Tue Nov 18 01:10:18 MST 2014
# Start of session at: Wed Sep 15 10:17:27 2021
# Process ID: 12152
# Log file: C:/Users/ACER/Desktop/MUX/MUX_60/vivado.log
# Journal file: C:/Users/ACER/Desktop/MUX/MUX_60\vivado.jou
#-----------------------------------------------------------
start_gui
open_project C:/Users/ACER/Desktop/MUX/MUX_60/MUX_60.xpr
INFO: [Project 1-313] Project file moved from 'C:/Users/ACER/Desktop/MUX/MUX_09' since last save.
Scanning sources...
Finished scanning sources
INFO: [IP_Flow 19-234] Refreshing IP repositories
INFO: [IP_Flow 19-1704] No user IP repositories specified
INFO: [IP_Flow 19-2313] Loaded Vivado IP repository 'E:/vivado/Vivado/2014.4/data/ip'.
open_project: Time (s): cpu = 00:00:23 ; elapsed = 00:00:17 . Memory (MB): peak = 600.844 ; gain = 81.859
update_compile_order -fileset sources_1
exit
INFO: [Common 17-206] Exiting Vivado at Wed Sep 15 11:28:56 2021...
