#-----------------------------------------------------------
# Vivado v2014.4 (64-bit)
# SW Build 1071353 on Tue Nov 18 18:24:04 MST 2014
# IP Build 1070531 on Tue Nov 18 01:10:18 MST 2014
# Start of session at: Wed Sep 15 10:06:34 2021
# Process ID: 2492
# Log file: C:/Users/ACER/Desktop/MUX/MUX_09/vivado.log
# Journal file: C:/Users/ACER/Desktop/MUX/MUX_09\vivado.jou
#-----------------------------------------------------------
start_gui
open_project C:/Users/ACER/Desktop/MUX/MUX_09/MUX_60.xpr
Scanning sources...
Finished scanning sources
WARNING: [Project 1-509] GeneratedRun file for 'synth_1' not found
INFO: [IP_Flow 19-234] Refreshing IP repositories
INFO: [IP_Flow 19-1704] No user IP repositories specified
INFO: [IP_Flow 19-2313] Loaded Vivado IP repository 'E:/vivado/Vivado/2014.4/data/ip'.
open_project: Time (s): cpu = 00:00:19 ; elapsed = 00:00:27 . Memory (MB): peak = 615.719 ; gain = 75.277
update_compile_order -fileset sources_1
exit
INFO: [Common 17-206] Exiting Vivado at Wed Sep 15 10:16:51 2021...
