


ARM Macro Assembler    Page 1 


    1 00000000                 area             xyz,code,readonly ;
    2 00000000                 export           start       ;
    3 00000000         start
    4 00000000 E59F004C        LDR              R0,=data1
    5 00000004 E59F104C        LDR              R1,=data2
    6 00000008 E3A04001        MOV              R4,#0X01
    7 0000000C         go
    8 0000000C E4902004        LDR              R2,[R0],#4
    9 00000010 E1A03002        MOV              R3,R2
   10 00000014 E3A0C004        MOV              R12,#4
   11 00000018         up
   12 00000018 E20380FF        AND              R8,R3,#0X000000ff
   13 0000001C E1A03423        LSR              R3,#8
   14 00000020 E208500F        AND              R5,R8,#0X0000000f
   15 00000024 E1A05205        LSL              R5,#4
   16 00000028 E20860F0        AND              R6,R8,#0X000000f0
   17 0000002C E1A06226        LSR              R6,#4
   18 00000030 E0857006        ADD              R7,R5,R6
   19 00000034 E5E17001        STRB             R7,[R1,#1]!
   20 00000038 E24CC001        SUB              R12,R12,#1
   21 0000003C E35C0000        CMP              R12,#0
   22 00000040 1AFFFFF4        BNE              up
   23 00000044 E2544001        SUBS             R4,R4,#0X01
   24 00000048 1AFFFFEF        BNE              go          ;
   25 0000004C         
   26 0000004C 45869728 
              00000000 data1   DCD              0X45869728,0x00
   27 00000054         
   28 00000054 00000000 
              00000000         area             xyz1,data,readwrite
   29 00000000 00000000 
                       data2   DCD              0X00
   30 00000004                 END
Command Line: --debug --xref --apcs=interwork -olab9.o -IC:\Keil\ARM\INC -IC:\K
eil\ARM\INC\Philips --predefine="__EVAL SETA 1" --list=lab9.lst lab9.asm



ARM Macro Assembler    Page 1 Alphabetic symbol ordering
Relocatable symbols

data1 0000004C

Symbol: data1
   Definitions
      At line 26 in file lab9.asm
   Uses
      At line 4 in file lab9.asm
Comment: data1 used once
go 0000000C

Symbol: go
   Definitions
      At line 7 in file lab9.asm
   Uses
      At line 24 in file lab9.asm
Comment: go used once
start 00000000

Symbol: start
   Definitions
      At line 3 in file lab9.asm
   Uses
      At line 2 in file lab9.asm
Comment: start used once
up 00000018

Symbol: up
   Definitions
      At line 11 in file lab9.asm
   Uses
      At line 22 in file lab9.asm
Comment: up used once
xyz 00000000

Symbol: xyz
   Definitions
      At line 1 in file lab9.asm
   Uses
      None
Comment: xyz unused
5 symbols



ARM Macro Assembler    Page 1 Alphabetic symbol ordering
Relocatable symbols

data2 00000000

Symbol: data2
   Definitions
      At line 29 in file lab9.asm
   Uses
      At line 5 in file lab9.asm
Comment: data2 used once
xyz1 00000000

Symbol: xyz1
   Definitions
      At line 28 in file lab9.asm
   Uses
      None
Comment: xyz1 unused
2 symbols
329 symbols in table
