


ARM Macro Assembler    Page 1 


    1 00000000                 area             abc,code,readonly
    2 00000000                 export           start
    3 00000000         start
    4 00000000 E59F008C        LDR              R0,=data1
    5 00000004 E59F108C        LDR              R1,=data2
    6 00000008 E59F208C        LDR              R2,=data3
    7 0000000C E4924004        LDR              R4,[R2],#4
    8 00000010 E3A0300A        MOV              R3,#0X0a
    9 00000014 E4905004 
                       UP      LDR              R5,[R0],#4
   10 00000018 E4815004        STR              R5,[R1],#4
   11 0000001C E2533001        SUBS             R3,R3,#0X01
   12 00000020 1AFFFFFB        BNE              UP
   13 00000024 E59F106C        LDR              R1,=data2
   14 00000028 E5916024        LDR              R6,[R1,#0X24]
   15 0000002C E5816028        STR              R6,[R1,#0X28]
   16 00000030 E5916020        LDR              R6,[R1,#0X20]
   17 00000034 E5816024        STR              R6,[R1,#0X24]
   18 00000038 E591601C        LDR              R6,[R1,#0X1C]
   19 0000003C E5816020        STR              R6,[R1,#0X20]
   20 00000040 E5916018        LDR              R6,[R1,#0X18]
   21 00000044 E581601C        STR              R6,[R1,#0X1C]
   22 00000048 E5916014        LDR              R6,[R1,#0X14]
   23 0000004C E5816018        STR              R6,[R1,#0X18]
   24 00000050 E5916010        LDR              R6,[R1,#0X10]
   25 00000054 E5816014        STR              R6,[R1,#0X14]
   26 00000058 E591600C        LDR              R6,[R1,#0X0C]
   27 0000005C E5816010        STR              R6,[R1,#0X10]
   28 00000060 E581400C        STR              R4,[R1,#0X0C]
   29 00000064 EAFFFFFE 
                       END1    B                END1
   30 00000068 12579655 
              86586571 
              00000058 
              000000AB 
              22336644 
              55555555 
              00000097 
              00000064 
              00000098 
              00000034 data1   DCD              0X12579655, 0X86586571, 0X58, 0
XAB, 0X22336644, 0X55555555, 0X97, 0X64, 0X98, 0X34
   31 00000090 16879637 
                       data3   DCD              0X16879637
   32 00000094 00000000 
              00000000 
              00000000 
              00000000         area             abc1,data,readwrite
   33 00000000 00000000 
                       data2   DCD              0X00
   34 00000004                 END
Command Line: --debug --xref --apcs=interwork -olab5.o -IC:\Keil\ARM\INC -IC:\K
eil\ARM\INC\Philips --predefine="__EVAL SETA 1" --list=lab5.lst lab5.asm



ARM Macro Assembler    Page 1 Alphabetic symbol ordering
Relocatable symbols

END1 00000064

Symbol: END1
   Definitions
      At line 29 in file lab5.asm
   Uses
      At line 29 in file lab5.asm
Comment: END1 used once
UP 00000014

Symbol: UP
   Definitions
      At line 9 in file lab5.asm
   Uses
      At line 12 in file lab5.asm
Comment: UP used once
abc 00000000

Symbol: abc
   Definitions
      At line 1 in file lab5.asm
   Uses
      None
Comment: abc unused
data1 00000068

Symbol: data1
   Definitions
      At line 30 in file lab5.asm
   Uses
      At line 4 in file lab5.asm
Comment: data1 used once
data3 00000090

Symbol: data3
   Definitions
      At line 31 in file lab5.asm
   Uses
      At line 6 in file lab5.asm
Comment: data3 used once
start 00000000

Symbol: start
   Definitions
      At line 3 in file lab5.asm
   Uses
      At line 2 in file lab5.asm
Comment: start used once
6 symbols



ARM Macro Assembler    Page 1 Alphabetic symbol ordering
Relocatable symbols

abc1 00000000

Symbol: abc1
   Definitions
      At line 32 in file lab5.asm
   Uses
      None
Comment: abc1 unused
data2 00000000

Symbol: data2
   Definitions
      At line 33 in file lab5.asm
   Uses
      At line 5 in file lab5.asm
      At line 13 in file lab5.asm

2 symbols
330 symbols in table
