


ARM Macro Assembler    Page 1 


    1 00000000                 area             abc,code,readonly
    2 00000000                 export           start
    3 00000000         start
    4 00000000 E59F0050        LDR              R0,=data1
    5 00000004 E59F1050        LDR              R1,=data2
    6 00000008 E3A03000        MOV              R3,#0x00
    7 0000000C E4D02001 
                       BACK    LDRB             R2,[R0],#1
    8 00000010 E3520000        CMP              R2,#0x00
    9 00000014 0A000008        BEQ              END1
   10 00000018 E3520020        CMP              R2,#0x20
   11 0000001C 0A000004        BEQ              SKIP
   12 00000020 E352005A        CMP              R2,#0x5A
   13 00000024 9A000001        BLS              UP
   14 00000028 E2422020        SUB              R2,#0x20
   15 0000002C EA000000        B                SKIP
   16 00000030 E2822020 
                       UP      ADD              R2,#0x20
   17 00000034 E4C12001 
                       SKIP    STRB             R2,[R1],#1
   18 00000038 EAFFFFF3        B                BACK
   19 0000003C EAFFFFFE 
                       END1    B                END1
   20 00000040 53 69 4E 
              67 48 20 
              41 4E 6B 
              49 74 6B 
              55 6D 41 
              52 20 6D 
              55 4B 45 
              53 68 00 data1   DCB              0x53,0x69,0x4E,0x67,0x48,0X20,0
x41,0x4E,0x6B,0x49,0x74,0x6B,0x55,0x6D,0x41,0x52,0x20,0x6D,0x55,0x4B,0x45,0x53,
0x68,0x00
   21 00000058 00000000 
              00000000         area             xyz,data,readwrite
   22 00000000 00      data2   DCB              0x00
   23 00000001                 END
Command Line: --debug --xref --apcs=interwork -olab7c.o -IC:\Keil\ARM\INC -IC:\
Keil\ARM\INC\Philips --predefine="__EVAL SETA 1" --list=lab7c.lst lab7c.asm



ARM Macro Assembler    Page 1 Alphabetic symbol ordering
Relocatable symbols

BACK 0000000C

Symbol: BACK
   Definitions
      At line 7 in file lab7c.asm
   Uses
      At line 18 in file lab7c.asm
Comment: BACK used once
END1 0000003C

Symbol: END1
   Definitions
      At line 19 in file lab7c.asm
   Uses
      At line 9 in file lab7c.asm
      At line 19 in file lab7c.asm

SKIP 00000034

Symbol: SKIP
   Definitions
      At line 17 in file lab7c.asm
   Uses
      At line 11 in file lab7c.asm
      At line 15 in file lab7c.asm

UP 00000030

Symbol: UP
   Definitions
      At line 16 in file lab7c.asm
   Uses
      At line 13 in file lab7c.asm
Comment: UP used once
abc 00000000

Symbol: abc
   Definitions
      At line 1 in file lab7c.asm
   Uses
      None
Comment: abc unused
data1 00000040

Symbol: data1
   Definitions
      At line 20 in file lab7c.asm
   Uses
      At line 4 in file lab7c.asm
Comment: data1 used once
start 00000000

Symbol: start
   Definitions
      At line 3 in file lab7c.asm
   Uses
      At line 2 in file lab7c.asm
Comment: start used once
7 symbols



ARM Macro Assembler    Page 1 Alphabetic symbol ordering
Relocatable symbols

data2 00000000

Symbol: data2
   Definitions
      At line 22 in file lab7c.asm
   Uses
      At line 5 in file lab7c.asm
Comment: data2 used once
xyz 00000000

Symbol: xyz
   Definitions
      At line 21 in file lab7c.asm
   Uses
      None
Comment: xyz unused
2 symbols
331 symbols in table
