


ARM Macro Assembler    Page 1 


    1 00000000                 area             xyz,code,readonly ;
    2 00000000                 export           start
    3 00000000         start
    4 00000000 E59F003C        LDR              R0,=data1
    5 00000004 E3A03001        MOV              R3,#0x01
    6 00000008 E59F1038 
                       BACK    LDR              R1,=data2
    7 0000000C E4D02001        LDRB             R2,[R0],#1
    8 00000010 E3520000        CMP              R2,#0x00
    9 00000014 0A000008        BEQ              END1
   10 00000018 E3520020        CMP              R2,#0x20
   11 0000001C 0AFFFFF9        BEQ              BACK
   12 00000020 E2424061        SUB              R4,R2,#0x61
   13 00000024 E0050493        MUL              R5,R3,R4
   14 00000028 E0811005        ADD              R1,R1,R5
   15 0000002C E5D16000        LDRB             R6,[R1]
   16 00000030 E2866001        ADD              R6,R6,#0x01
   17 00000034 E4C16001        STRB             R6,[R1],#1
   18 00000038 EAFFFFF2        B                BACK
   19 0000003C EAFFFFFE 
                       END1    B                END1
   20 00000040 73 00   data1   DCB              0x73,0x00
   21 00000042 00 00 00000000 
              00000000         area             abc,data,readwrite ;
   22 00000000 00      data2   DCB              0X00
   23 00000001                 END
Command Line: --debug --xref --apcs=interwork -olab8.o -IC:\Keil\ARM\INC -IC:\K
eil\ARM\INC\Philips --predefine="__EVAL SETA 1" --list=lab8.lst lab8.asm



ARM Macro Assembler    Page 1 Alphabetic symbol ordering
Relocatable symbols

BACK 00000008

Symbol: BACK
   Definitions
      At line 6 in file lab8.asm
   Uses
      At line 11 in file lab8.asm
      At line 18 in file lab8.asm

END1 0000003C

Symbol: END1
   Definitions
      At line 19 in file lab8.asm
   Uses
      At line 9 in file lab8.asm
      At line 19 in file lab8.asm

data1 00000040

Symbol: data1
   Definitions
      At line 20 in file lab8.asm
   Uses
      At line 4 in file lab8.asm
Comment: data1 used once
start 00000000

Symbol: start
   Definitions
      At line 3 in file lab8.asm
   Uses
      At line 2 in file lab8.asm
Comment: start used once
xyz 00000000

Symbol: xyz
   Definitions
      At line 1 in file lab8.asm
   Uses
      None
Comment: xyz unused
5 symbols



ARM Macro Assembler    Page 1 Alphabetic symbol ordering
Relocatable symbols

abc 00000000

Symbol: abc
   Definitions
      At line 21 in file lab8.asm
   Uses
      None
Comment: abc unused
data2 00000000

Symbol: data2
   Definitions
      At line 22 in file lab8.asm
   Uses
      At line 6 in file lab8.asm
Comment: data2 used once
2 symbols
329 symbols in table
