


ARM Macro Assembler    Page 1 


    1 00000000                 area             factorial,code,readonly
    2 00000000                 export           start
    3 00000000         start
    4 00000000 E3A04101        ldr              r4,=0x40000000 ;destination loc
                                                            ation
    5 00000004 E3A00005        mov              r0,#0x05    ;factorial of 5
    6 00000008 E1A01000        mov              r1,r0
    7 0000000C E2511001 
                       Rep     subs             r1,r1,#1
    8 00000010 E0020190        mul              r2,r0,r1
    9 00000014 E1A00002        mov              r0,r2
   10 00000018 E3510001        cmp              r1,#1
   11 0000001C 1AFFFFFA        bne              Rep
   12 00000020 E5840000        str              r0,[r4]     ;store result
   13 00000024 EAFFFFFE 
                       end1    B                end1
   14 00000028                 end
Command Line: --debug --xref --apcs=interwork -ofactorial.o -IC:\Keil\ARM\INC -
IC:\Keil\ARM\INC\Philips --predefine="__EVAL SETA 1" --list=factorial.lst facto
rial.asm



ARM Macro Assembler    Page 1 Alphabetic symbol ordering
Relocatable symbols

Rep 0000000C

Symbol: Rep
   Definitions
      At line 7 in file factorial.asm
   Uses
      At line 11 in file factorial.asm
Comment: Rep used once
end1 00000024

Symbol: end1
   Definitions
      At line 13 in file factorial.asm
   Uses
      At line 13 in file factorial.asm
Comment: end1 used once
factorial 00000000

Symbol: factorial
   Definitions
      At line 1 in file factorial.asm
   Uses
      None
Comment: factorial unused
start 00000000

Symbol: start
   Definitions
      At line 3 in file factorial.asm
   Uses
      At line 2 in file factorial.asm
Comment: start used once
4 symbols
324 symbols in table
