


ARM Macro Assembler    Page 1 


    1 00000000                 area             abc,code,readonly
    2 00000000                 export           start
    3 00000000         start
    4 00000000 E59F0068        LDR              R0,=data1
    5 00000004 E59F1068        LDR              R1,=data2
    6 00000008 E3A0300A        MOV              R3,#0X0A
    7 0000000C E3A04000        MOV              R4,#0X00
    8 00000010 E4902004 
                       UP      LDR              R2,[R0],#4
    9 00000014 E4812004        STR              R2,[R1],#4
   10 00000018 E2533001        SUBS             R3,R3,#0X01
   11 0000001C 1AFFFFFB        BNE              UP
   12 00000020 E59F104C        LDR              R1,=data2
   13 00000024 E591601C        LDR              R6,[R1,#0X1C]
   14 00000028 E5816018        STR              R6,[R1,#0X18]
   15 0000002C E5916020        LDR              R6,[R1,#0X20]
   16 00000030 E581601C        STR              R6,[R1,#0X1C]
   17 00000034 E5916024        LDR              R6,[R1,#0X24]
   18 00000038 E5816020        STR              R6,[R1,#0X20]
   19 0000003C E5916028        LDR              R6,[R1,#0X28]
   20 00000040 E5816024        STR              R6,[R1,#0X24]
   21 00000044 EAFFFFFE 
                       END1    B                END1
   22 00000048 12579655 
              86586571 
              00000058 
              000000AB 
              22336644 
              55555555 
              00000097 
              00000064 
              00000098 
              00000034 data1   DCD              0X12579655, 0X86586571, 0X58, 0
XAB, 0X22336644, 0X55555555, 0X97, 0X64, 0X98, 0X34
   23 00000070 00000000 
              00000000 
              00000000         area             abc1,data,readwrite
   24 00000000 00000000 
                       data2   DCD              0X00
   25 00000004                 END
Command Line: --debug --xref --apcs=interwork -olab4.o -IC:\Keil\ARM\INC -IC:\K
eil\ARM\INC\Philips --predefine="__EVAL SETA 1" --list=lab4.lst lab4.asm



ARM Macro Assembler    Page 1 Alphabetic symbol ordering
Relocatable symbols

END1 00000044

Symbol: END1
   Definitions
      At line 21 in file lab4.asm
   Uses
      At line 21 in file lab4.asm
Comment: END1 used once
UP 00000010

Symbol: UP
   Definitions
      At line 8 in file lab4.asm
   Uses
      At line 11 in file lab4.asm
Comment: UP used once
abc 00000000

Symbol: abc
   Definitions
      At line 1 in file lab4.asm
   Uses
      None
Comment: abc unused
data1 00000048

Symbol: data1
   Definitions
      At line 22 in file lab4.asm
   Uses
      At line 4 in file lab4.asm
Comment: data1 used once
start 00000000

Symbol: start
   Definitions
      At line 3 in file lab4.asm
   Uses
      At line 2 in file lab4.asm
Comment: start used once
5 symbols



ARM Macro Assembler    Page 1 Alphabetic symbol ordering
Relocatable symbols

abc1 00000000

Symbol: abc1
   Definitions
      At line 23 in file lab4.asm
   Uses
      None
Comment: abc1 unused
data2 00000000

Symbol: data2
   Definitions
      At line 24 in file lab4.asm
   Uses
      At line 5 in file lab4.asm
      At line 12 in file lab4.asm

2 symbols
329 symbols in table
